# JRE version: OpenJDK Runtime Environment (8.0_202-b03) (build 1.8.0_202-release-1483-b03)
# Java VM: OpenJDK 64-Bit Server VM (25.202-b03 mixed mode windows-amd64 compressed oops)
Heap:
 PSYoungGen      total 456192K, used 193530K [0x00000000e0000000, 0x00000000ff700000, 0x0000000100000000)
  eden space 408576K, 42% used [0x00000000e0000000,0x00000000ea90cbe8,0x00000000f8f00000)
  from space 47616K, 42% used [0x00000000fc880000,0x00000000fdc71fe0,0x00000000ff700000)
  to   space 53248K, 0% used [0x00000000f8f00000,0x00000000f8f00000,0x00000000fc300000)
 ParOldGen       total 252416K, used 126352K [0x00000000a0000000, 0x00000000af680000, 0x00000000e0000000)
  object space 252416K, 50% used [0x00000000a0000000,0x00000000a7b643d0,0x00000000af680000)
 Metaspace       used 141699K, capacity 149246K, committed 149324K, reserved 1179648K
  class space    used 17740K, capacity 19014K, committed 19060K, reserved 1048576K
GC Heap History (10 events):
Event: 7319.250 GC heap before
{Heap before GC invocations=47 (full 5):
 PSYoungGen      total 470016K, used 418304K [0x00000000e0000000, 0x00000000ffc00000, 0x0000000100000000)
  eden space 418304K, 100% used [0x00000000e0000000,0x00000000f9880000,0x00000000f9880000)
  from space 51712K, 0% used [0x00000000f9880000,0x00000000f9880000,0x00000000fcb00000)
  to   space 49664K, 0% used [0x00000000fcb80000,0x00000000fcb80000,0x00000000ffc00000)
 ParOldGen       total 252416K, used 102205K [0x00000000a0000000, 0x00000000af680000, 0x00000000e0000000)
  object space 252416K, 40% used [0x00000000a0000000,0x00000000a63cf7b8,0x00000000af680000)
 Metaspace       used 135341K, capacity 140526K, committed 143692K, reserved 1175552K
  class space    used 16845K, capacity 17794K, committed 18548K, reserved 1048576K
Event: 7319.271 GC heap after
Heap after GC invocations=47 (full 5):
 PSYoungGen      total 471040K, used 9587K [0x00000000e0000000, 0x00000000ffb00000, 0x0000000100000000)
  eden space 422400K, 0% used [0x00000000e0000000,0x00000000e0000000,0x00000000f9c80000)
  from space 48640K, 19% used [0x00000000fcb80000,0x00000000fd4dcef0,0x00000000ffb00000)
  to   space 48128K, 0% used [0x00000000f9c80000,0x00000000f9c80000,0x00000000fcb80000)
 ParOldGen       total 252416K, used 102205K [0x00000000a0000000, 0x00000000af680000, 0x00000000e0000000)
  object space 252416K, 40% used [0x00000000a0000000,0x00000000a63cf7b8,0x00000000af680000)
 Metaspace       used 135341K, capacity 140526K, committed 143692K, reserved 1175552K
  class space    used 16845K, capacity 17794K, committed 18548K, reserved 1048576K
}
Event: 7322.039 GC heap before
{Heap before GC invocations=48 (full 5):
 PSYoungGen      total 471040K, used 431987K [0x00000000e0000000, 0x00000000ffb00000, 0x0000000100000000)
  eden space 422400K, 100% used [0x00000000e0000000,0x00000000f9c80000,0x00000000f9c80000)
  from space 48640K, 19% used [0x00000000fcb80000,0x00000000fd4dcef0,0x00000000ffb00000)
  to   space 48128K, 0% used [0x00000000f9c80000,0x00000000f9c80000,0x00000000fcb80000)
 ParOldGen       total 252416K, used 102205K [0x00000000a0000000, 0x00000000af680000, 0x00000000e0000000)
  object space 252416K, 40% used [0x00000000a0000000,0x00000000a63cf7b8,0x00000000af680000)
 Metaspace       used 135898K, capacity 141084K, committed 143948K, reserved 1175552K
  class space    used 16900K, capacity 17851K, committed 18548K, reserved 1048576K
Event: 7322.094 GC heap after
Heap after GC invocations=48 (full 5):
 PSYoungGen      total 470528K, used 48105K [0x00000000e0000000, 0x0000000100000000, 0x0000000100000000)
  eden space 422400K, 0% used [0x00000000e0000000,0x00000000e0000000,0x00000000f9c80000)
  from space 48128K, 99% used [0x00000000f9c80000,0x00000000fcb7a658,0x00000000fcb80000)
  to   space 53760K, 0% used [0x00000000fcb80000,0x00000000fcb80000,0x0000000100000000)
 ParOldGen       total 252416K, used 112505K [0x00000000a0000000, 0x00000000af680000, 0x00000000e0000000)
  object space 252416K, 44% used [0x00000000a0000000,0x00000000a6dde578,0x00000000af680000)
 Metaspace       used 135898K, capacity 141084K, committed 143948K, reserved 1175552K
  class space    used 16900K, capacity 17851K, committed 18548K, reserved 1048576K
}
Event: 7376.423 GC heap before
{Heap before GC invocations=49 (full 5):
 PSYoungGen      total 470528K, used 470505K [0x00000000e0000000, 0x0000000100000000, 0x0000000100000000)
  eden space 422400K, 100% used [0x00000000e0000000,0x00000000f9c80000,0x00000000f9c80000)
  from space 48128K, 99% used [0x00000000f9c80000,0x00000000fcb7a658,0x00000000fcb80000)
  to   space 53760K, 0% used [0x00000000fcb80000,0x00000000fcb80000,0x0000000100000000)
 ParOldGen       total 252416K, used 112505K [0x00000000a0000000, 0x00000000af680000, 0x00000000e0000000)
  object space 252416K, 44% used [0x00000000a0000000,0x00000000a6dde578,0x00000000af680000)
 Metaspace       used 138659K, capacity 144600K, committed 145996K, reserved 1177600K
  class space    used 17361K, capacity 18402K, committed 18804K, reserved 1048576K
Event: 7376.452 GC heap after
Heap after GC invocations=49 (full 5):
 PSYoungGen      total 460288K, used 9369K [0x00000000e0000000, 0x0000000100000000, 0x0000000100000000)
  eden space 406528K, 0% used [0x00000000e0000000,0x00000000e0000000,0x00000000f8d00000)
  from space 53760K, 17% used [0x00000000fcb80000,0x00000000fd4a65b0,0x0000000100000000)
  to   space 58880K, 0% used [0x00000000f8d00000,0x00000000f8d00000,0x00000000fc680000)
 ParOldGen       total 252416K, used 117365K [0x00000000a0000000, 0x00000000af680000, 0x00000000e0000000)
  object space 252416K, 46% used [0x00000000a0000000,0x00000000a729d598,0x00000000af680000)
 Metaspace       used 138659K, capacity 144600K, committed 145996K, reserved 1177600K
  class space    used 17361K, capacity 18402K, committed 18804K, reserved 1048576K
}
Event: 7882.102 GC heap before
{Heap before GC invocations=50 (full 5):
 PSYoungGen      total 460288K, used 415897K [0x00000000e0000000, 0x0000000100000000, 0x0000000100000000)
  eden space 406528K, 100% used [0x00000000e0000000,0x00000000f8d00000,0x00000000f8d00000)
  from space 53760K, 17% used [0x00000000fcb80000,0x00000000fd4a65b0,0x0000000100000000)
  to   space 58880K, 0% used [0x00000000f8d00000,0x00000000f8d00000,0x00000000fc680000)
 ParOldGen       total 252416K, used 117365K [0x00000000a0000000, 0x00000000af680000, 0x00000000e0000000)
  object space 252416K, 46% used [0x00000000a0000000,0x00000000a729d598,0x00000000af680000)
 Metaspace       used 140505K, capacity 147196K, committed 147660K, reserved 1177600K
  class space    used 17584K, capacity 18734K, committed 18932K, reserved 1048576K
Event: 7882.209 GC heap after
Heap after GC invocations=50 (full 5):
 PSYoungGen      total 465408K, used 10978K [0x00000000e0000000, 0x0000000100000000, 0x0000000100000000)
  eden space 406528K, 0% used [0x00000000e0000000,0x00000000e0000000,0x00000000f8d00000)
  from space 58880K, 18% used [0x00000000f8d00000,0x00000000f97b8b20,0x00000000fc680000)
  to   space 56832K, 0% used [0x00000000fc880000,0x00000000fc880000,0x0000000100000000)
 ParOldGen       total 252416K, used 122709K [0x00000000a0000000, 0x00000000af680000, 0x00000000e0000000)
  object space 252416K, 48% used [0x00000000a0000000,0x00000000a77d5658,0x00000000af680000)
 Metaspace       used 140505K, capacity 147196K, committed 147660K, reserved 1177600K
  class space    used 17584K, capacity 18734K, committed 18932K, reserved 1048576K
}
Event: 7895.571 GC heap before
{Heap before GC invocations=51 (full 5):
 PSYoungGen      total 465408K, used 417506K [0x00000000e0000000, 0x0000000100000000, 0x0000000100000000)
  eden space 406528K, 100% used [0x00000000e0000000,0x00000000f8d00000,0x00000000f8d00000)
  from space 58880K, 18% used [0x00000000f8d00000,0x00000000f97b8b20,0x00000000fc680000)
  to   space 56832K, 0% used [0x00000000fc880000,0x00000000fc880000,0x0000000100000000)
 ParOldGen       total 252416K, used 122709K [0x00000000a0000000, 0x00000000af680000, 0x00000000e0000000)
  object space 252416K, 48% used [0x00000000a0000000,0x00000000a77d5658,0x00000000af680000)
 Metaspace       used 141480K, capacity 148944K, committed 149068K, reserved 1179648K
  class space    used 17724K, capacity 18985K, committed 19060K, reserved 1048576K
Event: 7895.630 GC heap after
Heap after GC invocations=51 (full 5):
 PSYoungGen      total 456192K, used 20423K [0x00000000e0000000, 0x00000000ff700000, 0x0000000100000000)
  eden space 408576K, 0% used [0x00000000e0000000,0x00000000e0000000,0x00000000f8f00000)
  from space 47616K, 42% used [0x00000000fc880000,0x00000000fdc71fe0,0x00000000ff700000)
  to   space 53248K, 0% used [0x00000000f8f00000,0x00000000f8f00000,0x00000000fc300000)
 ParOldGen       total 252416K, used 126352K [0x00000000a0000000, 0x00000000af680000, 0x00000000e0000000)
  object space 252416K, 50% used [0x00000000a0000000,0x00000000a7b643d0,0x00000000af680000)
 Metaspace       used 141480K, capacity 148944K, committed 149068K, reserved 1179648K
  class space    used 17724K, capacity 18985K, committed 19060K, reserved 1048576K
}

